<?xml version="1.0" encoding="UTF-8"?>
<testng-results skipped="0" failed="0" ignored="0" total="1" passed="1">
  <reporter-output>
  </reporter-output>
  <suite name="Default suite" duration-ms="26627" started-at="2018-12-07T08:40:17Z" finished-at="2018-12-07T08:40:43Z">
    <groups>
    </groups>
    <test name="Default test" duration-ms="26627" started-at="2018-12-07T08:40:17Z" finished-at="2018-12-07T08:40:43Z">
      <class name="seleniumPractice.MainClass">
        <test-method status="PASS" signature="setup()[pri:0, instance:seleniumPractice.MainClass@58651fd0]" name="setup" is-config="true" duration-ms="24989" started-at="2018-12-07T14:10:17Z" finished-at="2018-12-07T14:10:42Z">
          <reporter-output>
          </reporter-output>
        </test-method> <!-- setup -->
        <test-method status="PASS" signature="test()[pri:0, instance:seleniumPractice.MainClass@58651fd0]" name="test" duration-ms="1603" started-at="2018-12-07T14:10:42Z" finished-at="2018-12-07T14:10:43Z">
          <reporter-output>
          </reporter-output>
        </test-method> <!-- test -->
        <test-method status="PASS" signature="tearDown()[pri:0, instance:seleniumPractice.MainClass@58651fd0]" name="tearDown" is-config="true" duration-ms="0" started-at="2018-12-07T14:10:43Z" finished-at="2018-12-07T14:10:43Z">
          <reporter-output>
          </reporter-output>
        </test-method> <!-- tearDown -->
      </class> <!-- seleniumPractice.MainClass -->
    </test> <!-- Default test -->
  </suite> <!-- Default suite -->
</testng-results>
